Flow report for Ver2
Fri Mar 18 11:11:29 2022
Quartus Prime Version 18.1.0 Build 625 09/12/2018 SJ Lite Edition


---------------------
; Table of Contents ;
---------------------
  1. Legal Notice
  2. Flow Summary
  3. Flow Settings
  4. Flow Non-Default Global Settings
  5. Flow Elapsed Time
  6. Flow OS Summary
  7. Flow Log
  8. Flow Messages
  9. Flow Suppressed Messages



----------------
; Legal Notice ;
----------------
Copyright (C) 2018  Intel Corporation. All rights reserved.
Your use of Intel Corporation's design tools, logic functions 
and other software and tools, and its AMPP partner logic 
functions, and any output files from any of the foregoing 
(including device programming or simulation files), and any 
associated documentation or information are expressly subject 
to the terms and conditions of the Intel Program License 
Subscription Agreement, the Intel Quartus Prime License Agreement,
the Intel FPGA IP License Agreement, or other applicable license
agreement, including, without limitation, that your use is for
the sole purpose of programming logic devices manufactured by
Intel and sold by Intel or its authorized distributors.  Please
refer to the applicable agreement for further details.



+----------------------------------------------------------------------------------+
; Flow Summary                                                                     ;
+------------------------------------+---------------------------------------------+
; Flow Status                        ; Successful - Fri Mar 18 11:11:19 2022       ;
; Quartus Prime Version              ; 18.1.0 Build 625 09/12/2018 SJ Lite Edition ;
; Revision Name                      ; Ver2                                        ;
; Top-level Entity Name              ; Project                                     ;
; Family                             ; Cyclone IV E                                ;
; Device                             ; EP4CE115F29C7                               ;
; Timing Models                      ; Final                                       ;
; Total logic elements               ; 7,148 / 114,480 ( 6 % )                     ;
;     Total combinational functions  ; 6,454 / 114,480 ( 6 % )                     ;
;     Dedicated logic registers      ; 3,953 / 114,480 ( 3 % )                     ;
; Total registers                    ; 3953                                        ;
; Total pins                         ; 128 / 529 ( 24 % )                          ;
; Total virtual pins                 ; 0                                           ;
; Total memory bits                  ; 2,065,536 / 3,981,312 ( 52 % )              ;
; Embedded Multiplier 9-bit elements ; 12 / 532 ( 2 % )                            ;
; Total PLLs                         ; 1 / 4 ( 25 % )                              ;
+------------------------------------+---------------------------------------------+


+-----------------------------------------+
; Flow Settings                           ;
+-------------------+---------------------+
; Option            ; Setting             ;
+-------------------+---------------------+
; Start date & time ; 03/18/2022 11:08:26 ;
; Main task         ; Compilation         ;
; Revision Name     ; Ver2                ;
+-------------------+---------------------+


+--------------------------------------------------------------------------------------------------------------------------------------------------+
; Flow Non-Default Global Settings                                                                                                                 ;
+-------------------------------------+----------------------------------------------------------------+---------------+--------------+------------+
; Assignment Name                     ; Value                                                          ; Default Value ; Entity Name  ; Section Id ;
+-------------------------------------+----------------------------------------------------------------+---------------+--------------+------------+
; COMPILER_SIGNATURE_ID               ; 11482867647707.164759810605988                                 ; --            ; --           ; --         ;
; MAX_CORE_JUNCTION_TEMP              ; 85                                                             ; --            ; --           ; --         ;
; MIN_CORE_JUNCTION_TEMP              ; 0                                                              ; --            ; --           ; --         ;
; MISC_FILE                           ; DE2_115_SOPC/synthesis/../DE2_115_SOPC.cmp                     ; --            ; --           ; --         ;
; MISC_FILE                           ; DE2_115_SOPC/synthesis/../../DE2_115_SOPC.qsys                 ; --            ; --           ; --         ;
; PARTITION_COLOR                     ; -- (Not supported for targeted family)                         ; --            ; Project      ; Top        ;
; PARTITION_FITTER_PRESERVATION_LEVEL ; -- (Not supported for targeted family)                         ; --            ; Project      ; Top        ;
; PARTITION_NETLIST_TYPE              ; -- (Not supported for targeted family)                         ; --            ; Project      ; Top        ;
; POWER_BOARD_THERMAL_MODEL           ; None (CONSERVATIVE)                                            ; --            ; --           ; --         ;
; POWER_PRESET_COOLING_SOLUTION       ; 23 MM HEAT SINK WITH 200 LFPM AIRFLOW                          ; --            ; --           ; --         ;
; SLD_FILE                            ; DE2_115_SOPC/synthesis/DE2_115_SOPC.regmap                     ; --            ; --           ; --         ;
; SLD_FILE                            ; DE2_115_SOPC/synthesis/DE2_115_SOPC.debuginfo                  ; --            ; --           ; --         ;
; SLD_INFO                            ; QSYS_NAME DE2_115_SOPC HAS_SOPCINFO 1 GENERATION_ID 1644610135 ; --            ; DE2_115_SOPC ; --         ;
; SOPCINFO_FILE                       ; DE2_115_SOPC/synthesis/../../DE2_115_SOPC.sopcinfo             ; --            ; --           ; --         ;
; SYNTHESIS_ONLY_QIP                  ; On                                                             ; --            ; --           ; --         ;
; TOP_LEVEL_ENTITY                    ; Project                                                        ; Ver2          ; --           ; --         ;
; USE_GENERATED_PHYSICAL_CONSTRAINTS  ; Off                                                            ; --            ; --           ; eda_palace ;
+-------------------------------------+----------------------------------------------------------------+---------------+--------------+------------+


+--------------------------------------------------------------------------------------------------------------------------+
; Flow Elapsed Time                                                                                                        ;
+----------------------+--------------+-------------------------+---------------------+------------------------------------+
; Module Name          ; Elapsed Time ; Average Processors Used ; Peak Virtual Memory ; Total CPU Time (on all processors) ;
+----------------------+--------------+-------------------------+---------------------+------------------------------------+
; Analysis & Synthesis ; 00:01:26     ; 1.0                     ; 5063 MB             ; 00:01:46                           ;
; Fitter               ; 00:01:06     ; 1.0                     ; 5496 MB             ; 00:01:06                           ;
; Assembler            ; 00:00:06     ; 1.0                     ; 4735 MB             ; 00:00:06                           ;
; Timing Analyzer      ; 00:00:09     ; 1.0                     ; 4918 MB             ; 00:00:08                           ;
; Total                ; 00:02:47     ; --                      ; --                  ; 00:03:06                           ;
+----------------------+--------------+-------------------------+---------------------+------------------------------------+


+------------------------------------------------------------------------------------+
; Flow OS Summary                                                                    ;
+----------------------+------------------+------------+------------+----------------+
; Module Name          ; Machine Hostname ; OS Name    ; OS Version ; Processor type ;
+----------------------+------------------+------------+------------+----------------+
; Analysis & Synthesis ; LAPTOP-P6RO3U34  ; Windows 10 ; 10.0       ; x86_64         ;
; Fitter               ; LAPTOP-P6RO3U34  ; Windows 10 ; 10.0       ; x86_64         ;
; Assembler            ; LAPTOP-P6RO3U34  ; Windows 10 ; 10.0       ; x86_64         ;
; Timing Analyzer      ; LAPTOP-P6RO3U34  ; Windows 10 ; 10.0       ; x86_64         ;
+----------------------+------------------+------------+------------+----------------+


------------
; Flow Log ;
------------
quartus_map --read_settings_files=on --write_settings_files=off Project -c Ver2
quartus_fit --read_settings_files=off --write_settings_files=off Project -c Ver2
quartus_asm --read_settings_files=off --write_settings_files=off Project -c Ver2
quartus_sta Project -c Ver2



