22:28:20 **** Incremental Build of configuration Nios II for project hello_world_0 ****
make all 
Info: Building ../hello_world_0_bsp/
C:/Quartus2/nios2eds/bin/gnu/H-x86_64-mingw32/bin/make --no-print-directory -C ../hello_world_0_bsp/
[BSP build complete]
Info: Compiling hello_world.c to obj/default/hello_world.o
nios2-elf-gcc -xc -MP -MMD -c -I../hello_world_0_bsp//HAL/inc -I../hello_world_0_bsp/ -I../hello_world_0_bsp//drivers/inc  -pipe -D__hal__ -DALT_NO_INSTRUCTION_EMULATION -DALT_SINGLE_THREADED    -O0 -g -Wall   -mno-hw-div -mhw-mul -mno-hw-mulx -mgpopt=global  -o obj/default/hello_world.o hello_world.c
Info: Linking hello_world_0.elf
nios2-elf-g++  -T'../hello_world_0_bsp//linker.x' -msys-crt0='../hello_world_0_bsp//obj/HAL/src/crt0.o' -msys-lib=hal_bsp -L../hello_world_0_bsp/   -Wl,-Map=hello_world_0.map   -O0 -g -Wall   -mno-hw-div -mhw-mul -mno-hw-mulx -mgpopt=global  -o hello_world_0.elf obj/default/hello_world.o -lm -msys-lib=m
nios2-elf-insert hello_world_0.elf --thread_model hal --cpu_name cpu_lab6 --qsys true --simulation_enabled false --stderr_dev jtag_uart --stdin_dev jtag_uart --stdout_dev jtag_uart --sopc_system_name DE2_115_SOPC --quartus_project_dir "C:/Quartus2_Project/Lab6/Lab6" --jdi C:/Quartus2_Project/Lab6/Lab6/software/hello_world_0_bsp/../../Ver2.jdi --sopcinfo C:/Quartus2_Project/Lab6/Lab6/software/hello_world_0_bsp/../../DE2_115_SOPC.sopcinfo
Info: (hello_world_0.elf) 28 KBytes program size (code + initialized data).
Info:                     164 KBytes free for stack + heap.
Info: Creating hello_world_0.objdump
nios2-elf-objdump --disassemble --syms --all-header --source hello_world_0.elf >hello_world_0.objdump
[hello_world_0 build complete]
22:28:33 **** Build of configuration Nios II for project hello_world_0 ****
make all 
Info: Building ../hello_world_0_bsp/
C:/Quartus2/nios2eds/bin/gnu/H-x86_64-mingw32/bin/make --no-print-directory -C ../hello_world_0_bsp/
[BSP build complete]
[hello_world_0 build complete]
22:28:34 **** Incremental Build of configuration Nios II for project hello_world_0 ****
make all 
Info: Building ../hello_world_0_bsp/
C:/Quartus2/nios2eds/bin/gnu/H-x86_64-mingw32/bin/make --no-print-directory -C ../hello_world_0_bsp/
[BSP build complete]
[hello_world_0 build complete]
22:31:44 **** Build of configuration Nios II for project hello_world_0 ****
make all 
Info: Building ../hello_world_0_bsp/
C:/Quartus2/nios2eds/bin/gnu/H-x86_64-mingw32/bin/make --no-print-directory -C ../hello_world_0_bsp/
[BSP build complete]
Info: Compiling hello_world.c to obj/default/hello_world.o
nios2-elf-gcc -xc -MP -MMD -c -I../hello_world_0_bsp//HAL/inc -I../hello_world_0_bsp/ -I../hello_world_0_bsp//drivers/inc  -pipe -D__hal__ -DALT_NO_INSTRUCTION_EMULATION -DALT_SINGLE_THREADED    -O0 -g -Wall   -mno-hw-div -mhw-mul -mno-hw-mulx -mgpopt=global  -o obj/default/hello_world.o hello_world.c
Info: Linking hello_world_0.elf
nios2-elf-g++  -T'../hello_world_0_bsp//linker.x' -msys-crt0='../hello_world_0_bsp//obj/HAL/src/crt0.o' -msys-lib=hal_bsp -L../hello_world_0_bsp/   -Wl,-Map=hello_world_0.map   -O0 -g -Wall   -mno-hw-div -mhw-mul -mno-hw-mulx -mgpopt=global  -o hello_world_0.elf obj/default/hello_world.o -lm -msys-lib=m
nios2-elf-insert hello_world_0.elf --thread_model hal --cpu_name cpu_lab6 --qsys true --simulation_enabled false --stderr_dev jtag_uart --stdin_dev jtag_uart --stdout_dev jtag_uart --sopc_system_name DE2_115_SOPC --quartus_project_dir "C:/Quartus2_Project/Lab6/Lab6" --jdi C:/Quartus2_Project/Lab6/Lab6/software/hello_world_0_bsp/../../Ver2.jdi --sopcinfo C:/Quartus2_Project/Lab6/Lab6/software/hello_world_0_bsp/../../DE2_115_SOPC.sopcinfo
Info: (hello_world_0.elf) 28 KBytes program size (code + initialized data).
Info:                     164 KBytes free for stack + heap.
Info: Creating hello_world_0.objdump
nios2-elf-objdump --disassemble --syms --all-header --source hello_world_0.elf >hello_world_0.objdump
[hello_world_0 build complete]
22:31:47 **** Incremental Build of configuration Nios II for project hello_world_0 ****
make all 
Info: Building ../hello_world_0_bsp/
C:/Quartus2/nios2eds/bin/gnu/H-x86_64-mingw32/bin/make --no-print-directory -C ../hello_world_0_bsp/
[BSP build complete]
[hello_world_0 build complete]
22:45:29 **** Build of configuration Nios II for project hello_world_0 ****
make all 
Info: Building ../hello_world_0_bsp/
C:/Quartus2/nios2eds/bin/gnu/H-x86_64-mingw32/bin/make --no-print-directory -C ../hello_world_0_bsp/
[BSP build complete]
[hello_world_0 build complete]
22:45:31 **** Incremental Build of configuration Nios II for project hello_world_0 ****
make all 
Info: Building ../hello_world_0_bsp/
C:/Quartus2/nios2eds/bin/gnu/H-x86_64-mingw32/bin/make --no-print-directory -C ../hello_world_0_bsp/
[BSP build complete]
[hello_world_0 build complete]
14:26:33 **** Clean-only build of configuration Nios II for project spi_test_bsp ****
make clean 
[BSP clean complete]
14:26:36 **** Clean-only build of configuration Nios II for project spi_test ****
make clean 
[spi_test clean complete]
15:01:15 **** Clean-only build of configuration Nios II for project spi_test_2_bsp ****
make clean 
[BSP clean complete]
15:01:18 **** Clean-only build of configuration Nios II for project spi_test_2 ****
make clean 
[spi_test_2 clean complete]
